<?xml version="1.0" encoding="UTF-8"?>
<!-- Generated by org.testng.reporters.JUnitXMLReporter -->
<testsuite hostname="Imad-PC" name="Test" tests="7" failures="1" timestamp="22 Feb 2016 18:30:37 GMT" time="42.557" errors="0">
  <testcase name="verifyLogin" time="5.151" classname="com.jukinmedia.qatest.vaccumcleaner.TestCase1"/>
  <testcase name="verifyLogo" time="0.465" classname="com.jukinmedia.qatest.vaccumcleaner.TestCase2">
    <failure type="java.lang.AssertionError" message="expected [44] but found [15]">
      <![CDATA[java.lang.AssertionError: expected [44] but found [15]
	at com.jukinmedia.qatest.vaccumcleaner.utilities.BasePage.assertValue(BasePage.java:85)
	at com.jukinmedia.qatest.vaccumcleaner.pages.SectionOneToFive.verifyLogoPosition(SectionOneToFive.java:181)
	at com.jukinmedia.qatest.vaccumcleaner.TestCase2.verifyLogo(TestCase2.java:14)
... Removed 32 stack frames]]>
    </failure>
  </testcase> <!-- verifyLogo -->
  <testcase name="verifyMailingList" time="32.332" classname="com.jukinmedia.qatest.vaccumcleaner.TS1TestCase3"/>
  <testcase name="verifyComMoto" time="0.637" classname="com.jukinmedia.qatest.vaccumcleaner.TestCase2"/>
  <testcase name="verifySectionFive" time="1.557" classname="com.jukinmedia.qatest.vaccumcleaner.TS1TestCase3"/>
  <testcase name="verifyComName" time="0.5" classname="com.jukinmedia.qatest.vaccumcleaner.TestCase2"/>
  <testcase name="sectionSixToEleven" time="1.852" classname="com.jukinmedia.qatest.vaccumcleaner.TS1TestCase3"/>
</testsuite> <!-- Test -->
