<?xml version="1.0" encoding="UTF-8"?>
<!-- Generated by org.testng.reporters.JUnitXMLReporter -->
<testsuite hostname="Imad-PC" name="Test" tests="8" failures="1" timestamp="22 Feb 2016 20:43:39 GMT" time="36.939" errors="0">
  <testcase name="verifyLogin" time="1.083" classname="com.jukinmedia.qatest.vaccumcleaner.Ts001TC001_VerifyLoginFunctionality"/>
  <testcase name="verifyMailingList" time="32.008" classname="com.jukinmedia.qatest.vaccumcleaner.Ts001Tc003_Verify_Section4_MailingLinkList"/>
  <testcase name="verifySectionFive" time="1.021" classname="com.jukinmedia.qatest.vaccumcleaner.Ts001Tc004_VerifySection5_HowAboutAcmeVc"/>
  <testcase name="sectionSixToSeven" time="1.069" classname="com.jukinmedia.qatest.vaccumcleaner.Ts001Tc005_VerifySections_6to7_OverallExp_RecomFrnd_WhyNot"/>
  <testcase name="sectionEigtToEleven" time="0.633" classname="com.jukinmedia.qatest.vaccumcleaner.Ts001Tc006_Verify_Section_8to11_FNameLNameEmailPhone"/>
  <testcase name="verifyLogo" time="0.283" classname="com.jukinmedia.qatest.vaccumcleaner.Ts001Tc002_VerifySection_1to3_CompanyLogoMotoName">
    <failure type="java.lang.AssertionError" message="expected [44] but found [15]">
      <![CDATA[java.lang.AssertionError: expected [44] but found [15]
	at com.jukinmedia.qatest.vaccumcleaner.utilities.BasePage.assertValue(BasePage.java:85)
	at com.jukinmedia.qatest.vaccumcleaner.pages.SectionOneToFive.verifyLogoPosition(SectionOneToFive.java:175)
	at com.jukinmedia.qatest.vaccumcleaner.Ts001Tc002_VerifySection_1to3_CompanyLogoMotoName.verifyLogo(Ts001Tc002_VerifySection_1to3_CompanyLogoMotoName.java:14)
... Removed 29 stack frames]]>
    </failure>
  </testcase> <!-- verifyLogo -->
  <testcase name="verifyComMoto" time="0.459" classname="com.jukinmedia.qatest.vaccumcleaner.Ts001Tc002_VerifySection_1to3_CompanyLogoMotoName"/>
  <testcase name="verifyComName" time="0.321" classname="com.jukinmedia.qatest.vaccumcleaner.Ts001Tc002_VerifySection_1to3_CompanyLogoMotoName"/>
</testsuite> <!-- Test -->
