<?xml version="1.0" encoding="UTF-8"?>
<testng-results skipped="0" failed="1" total="7" passed="6">
  <reporter-output>
    <line>
      <![CDATA[Data entered into text field]]>
    </line>
    <line>
      <![CDATA[Data entered into text field]]>
    </line>
    <line>
      <![CDATA[Clicked on button]]>
    </line>
    <line>
      <![CDATA[Clicked on button]]>
    </line>
    <line>
      <![CDATA[Data entered into text field]]>
    </line>
    <line>
      <![CDATA[Clicked on button]]>
    </line>
    <line>
      <![CDATA[Clicked on button]]>
    </line>
    <line>
      <![CDATA[Unable to click]]>
    </line>
    <line>
      <![CDATA[Clicked on button]]>
    </line>
    <line>
      <![CDATA[Clicked on button]]>
    </line>
  </reporter-output>
  <suite name="Suite" duration-ms="42557" started-at="2016-02-22T18:29:54Z" finished-at="2016-02-22T18:30:37Z">
    <groups>
    </groups>
    <test name="Test" duration-ms="42557" started-at="2016-02-22T18:29:54Z" finished-at="2016-02-22T18:30:37Z">
      <class name="com.jukinmedia.qatest.vaccumcleaner.TS1TestCase3">
        <test-method status="PASS" signature="verifyMailingList()[pri:0, instance:com.jukinmedia.qatest.vaccumcleaner.TS1TestCase3@1a407d53]" name="verifyMailingList" duration-ms="32332" started-at="2016-02-22T13:30:00Z" description="Verify mailing list" finished-at="2016-02-22T13:30:32Z">
          <reporter-output>
            <line>
              <![CDATA[Clicked on button]]>
            </line>
            <line>
              <![CDATA[Data entered into text field]]>
            </line>
            <line>
              <![CDATA[Clicked on button]]>
            </line>
            <line>
              <![CDATA[Clicked on button]]>
            </line>
            <line>
              <![CDATA[Unable to click]]>
            </line>
          </reporter-output>
        </test-method> <!-- verifyMailingList -->
        <test-method status="PASS" signature="verifySectionFive()[pri:0, instance:com.jukinmedia.qatest.vaccumcleaner.TS1TestCase3@1a407d53]" name="verifySectionFive" duration-ms="1557" started-at="2016-02-22T13:30:33Z" finished-at="2016-02-22T13:30:34Z">
          <reporter-output>
            <line>
              <![CDATA[Clicked on button]]>
            </line>
          </reporter-output>
        </test-method> <!-- verifySectionFive -->
        <test-method status="PASS" signature="sectionSixToEleven()[pri:0, instance:com.jukinmedia.qatest.vaccumcleaner.TS1TestCase3@1a407d53]" name="sectionSixToEleven" duration-ms="1852" started-at="2016-02-22T13:30:35Z" finished-at="2016-02-22T13:30:37Z">
          <reporter-output>
            <line>
              <![CDATA[Clicked on button]]>
            </line>
          </reporter-output>
        </test-method> <!-- sectionSixToEleven -->
      </class> <!-- com.jukinmedia.qatest.vaccumcleaner.TS1TestCase3 -->
      <class name="com.jukinmedia.qatest.vaccumcleaner.TestCase2">
        <test-method status="FAIL" signature="verifyLogo()[pri:0, instance:com.jukinmedia.qatest.vaccumcleaner.TestCase2@3498ed]" name="verifyLogo" duration-ms="465" started-at="2016-02-22T13:29:59Z" description="Verify logo" finished-at="2016-02-22T13:30:00Z">
          <exception class="java.lang.AssertionError">
            <message>
              <![CDATA[expected [44] but found [15]]]>
            </message>
            <full-stacktrace>
              <![CDATA[java.lang.AssertionError: expected [44] but found [15]
	at org.testng.Assert.fail(Assert.java:94)
	at org.testng.Assert.failNotEquals(Assert.java:496)
	at org.testng.Assert.assertEquals(Assert.java:125)
	at org.testng.Assert.assertEquals(Assert.java:372)
	at org.testng.Assert.assertEquals(Assert.java:382)
	at com.jukinmedia.qatest.vaccumcleaner.utilities.BasePage.assertValue(BasePage.java:85)
	at com.jukinmedia.qatest.vaccumcleaner.pages.SectionOneToFive.verifyLogoPosition(SectionOneToFive.java:181)
	at com.jukinmedia.qatest.vaccumcleaner.TestCase2.verifyLogo(TestCase2.java:14)
	at sun.reflect.NativeMethodAccessorImpl.invoke0(Native Method)
	at sun.reflect.NativeMethodAccessorImpl.invoke(Unknown Source)
	at sun.reflect.DelegatingMethodAccessorImpl.invoke(Unknown Source)
	at java.lang.reflect.Method.invoke(Unknown Source)
	at org.testng.internal.MethodInvocationHelper.invokeMethod(MethodInvocationHelper.java:85)
	at org.testng.internal.Invoker.invokeMethod(Invoker.java:639)
	at org.testng.internal.Invoker.invokeTestMethod(Invoker.java:821)
	at org.testng.internal.Invoker.invokeTestMethods(Invoker.java:1131)
	at org.testng.internal.TestMethodWorker.invokeTestMethods(TestMethodWorker.java:124)
	at org.testng.internal.TestMethodWorker.run(TestMethodWorker.java:108)
	at org.testng.TestRunner.privateRun(TestRunner.java:773)
	at org.testng.TestRunner.run(TestRunner.java:623)
	at org.testng.SuiteRunner.runTest(SuiteRunner.java:357)
	at org.testng.SuiteRunner.runSequentially(SuiteRunner.java:352)
	at org.testng.SuiteRunner.privateRun(SuiteRunner.java:310)
	at org.testng.SuiteRunner.run(SuiteRunner.java:259)
	at org.testng.SuiteRunnerWorker.runSuite(SuiteRunnerWorker.java:52)
	at org.testng.SuiteRunnerWorker.run(SuiteRunnerWorker.java:86)
	at org.testng.TestNG.runSuitesSequentially(TestNG.java:1185)
	at org.testng.TestNG.runSuitesLocally(TestNG.java:1110)
	at org.testng.TestNG.run(TestNG.java:1018)
	at org.apache.maven.surefire.testng.TestNGExecutor.run(TestNGExecutor.java:295)
	at org.apache.maven.surefire.testng.TestNGXmlTestSuite.execute(TestNGXmlTestSuite.java:84)
	at org.apache.maven.surefire.testng.TestNGProvider.invoke(TestNGProvider.java:90)
	at org.apache.maven.surefire.booter.ForkedBooter.invokeProviderInSameClassLoader(ForkedBooter.java:203)
	at org.apache.maven.surefire.booter.ForkedBooter.runSuitesInProcess(ForkedBooter.java:155)
	at org.apache.maven.surefire.booter.ForkedBooter.main(ForkedBooter.java:103)
]]>
            </full-stacktrace>
          </exception> <!-- java.lang.AssertionError -->
          <reporter-output>
          </reporter-output>
        </test-method> <!-- verifyLogo -->
        <test-method status="PASS" signature="verifyComMoto()[pri:0, instance:com.jukinmedia.qatest.vaccumcleaner.TestCase2@3498ed]" name="verifyComMoto" duration-ms="637" started-at="2016-02-22T13:30:32Z" description="verify company moto" finished-at="2016-02-22T13:30:33Z">
          <reporter-output>
          </reporter-output>
        </test-method> <!-- verifyComMoto -->
        <test-method status="PASS" signature="verifyComName()[pri:0, instance:com.jukinmedia.qatest.vaccumcleaner.TestCase2@3498ed]" name="verifyComName" duration-ms="500" started-at="2016-02-22T13:30:34Z" description="verify company name" finished-at="2016-02-22T13:30:35Z">
          <reporter-output>
          </reporter-output>
        </test-method> <!-- verifyComName -->
      </class> <!-- com.jukinmedia.qatest.vaccumcleaner.TestCase2 -->
      <class name="com.jukinmedia.qatest.vaccumcleaner.TestCase1">
        <test-method status="PASS" signature="setUp(java.lang.String)[pri:0, instance:com.jukinmedia.qatest.vaccumcleaner.TestCase1@17f6480]" name="setUp" is-config="true" duration-ms="8582" started-at="2016-02-22T13:29:46Z" finished-at="2016-02-22T13:29:54Z">
          <params>
            <param index="0">
              <value>
                <![CDATA[chrome]]>
              </value>
            </param>
          </params>
          <reporter-output>
          </reporter-output>
        </test-method> <!-- setUp -->
        <test-method status="PASS" signature="verifyLogin()[pri:0, instance:com.jukinmedia.qatest.vaccumcleaner.TestCase1@17f6480]" name="verifyLogin" duration-ms="5151" started-at="2016-02-22T13:29:54Z" description="Verify Login Functionality" finished-at="2016-02-22T13:29:59Z">
          <reporter-output>
            <line>
              <![CDATA[Data entered into text field]]>
            </line>
            <line>
              <![CDATA[Data entered into text field]]>
            </line>
            <line>
              <![CDATA[Clicked on button]]>
            </line>
          </reporter-output>
        </test-method> <!-- verifyLogin -->
        <test-method status="PASS" signature="tearDown()[pri:0, instance:com.jukinmedia.qatest.vaccumcleaner.TestCase1@17f6480]" name="tearDown" is-config="true" duration-ms="1317" started-at="2016-02-22T13:30:37Z" finished-at="2016-02-22T13:30:38Z">
          <reporter-output>
          </reporter-output>
        </test-method> <!-- tearDown -->
      </class> <!-- com.jukinmedia.qatest.vaccumcleaner.TestCase1 -->
    </test> <!-- Test -->
  </suite> <!-- Suite -->
</testng-results>
