<?xml version="1.0" encoding="UTF-8"?>
<testng-results skipped="0" failed="1" total="8" passed="7">
  <reporter-output>
    <line>
      <![CDATA[Data entered into text field]]>
    </line>
    <line>
      <![CDATA[Data entered into text field]]>
    </line>
    <line>
      <![CDATA[Clicked on button]]>
    </line>
    <line>
      <![CDATA[Clicked on button]]>
    </line>
    <line>
      <![CDATA[Data entered into text field]]>
    </line>
    <line>
      <![CDATA[Clicked on button]]>
    </line>
    <line>
      <![CDATA[Clicked on button]]>
    </line>
    <line>
      <![CDATA[Unable to click]]>
    </line>
    <line>
      <![CDATA[Clicked on button]]>
    </line>
    <line>
      <![CDATA[Clicked on button]]>
    </line>
  </reporter-output>
  <suite name="Suite" duration-ms="36939" started-at="2016-02-22T20:43:02Z" finished-at="2016-02-22T20:43:39Z">
    <groups>
    </groups>
    <test name="Test" duration-ms="36939" started-at="2016-02-22T20:43:02Z" finished-at="2016-02-22T20:43:39Z">
      <class name="com.jukinmedia.qatest.vaccumcleaner.Ts001Tc005_VerifySections_6to7_OverallExp_RecomFrnd_WhyNot">
        <test-method status="PASS" signature="sectionSixToSeven()[pri:0, instance:com.jukinmedia.qatest.vaccumcleaner.Ts001Tc005_VerifySections_6to7_OverallExp_RecomFrnd_WhyNot@2d6e8792]" name="sectionSixToSeven" duration-ms="1069" started-at="2016-02-22T15:43:36Z" description="Verify overallExperiance, RecommendUs and WhyNot" finished-at="2016-02-22T15:43:37Z">
          <reporter-output>
            <line>
              <![CDATA[Clicked on button]]>
            </line>
          </reporter-output>
        </test-method> <!-- sectionSixToSeven -->
      </class> <!-- com.jukinmedia.qatest.vaccumcleaner.Ts001Tc005_VerifySections_6to7_OverallExp_RecomFrnd_WhyNot -->
      <class name="com.jukinmedia.qatest.vaccumcleaner.Ts001Tc002_VerifySection_1to3_CompanyLogoMotoName">
        <test-method status="FAIL" signature="verifyLogo()[pri:0, instance:com.jukinmedia.qatest.vaccumcleaner.Ts001Tc002_VerifySection_1to3_CompanyLogoMotoName@71be98f5]" name="verifyLogo" duration-ms="283" started-at="2016-02-22T15:43:38Z" description="Verify logo" finished-at="2016-02-22T15:43:38Z">
          <exception class="java.lang.AssertionError">
            <message>
              <![CDATA[expected [44] but found [15]]]>
            </message>
            <full-stacktrace>
              <![CDATA[java.lang.AssertionError: expected [44] but found [15]
	at org.testng.Assert.fail(Assert.java:94)
	at org.testng.Assert.failNotEquals(Assert.java:496)
	at org.testng.Assert.assertEquals(Assert.java:125)
	at org.testng.Assert.assertEquals(Assert.java:372)
	at org.testng.Assert.assertEquals(Assert.java:382)
	at com.jukinmedia.qatest.vaccumcleaner.utilities.BasePage.assertValue(BasePage.java:85)
	at com.jukinmedia.qatest.vaccumcleaner.pages.SectionOneToFive.verifyLogoPosition(SectionOneToFive.java:175)
	at com.jukinmedia.qatest.vaccumcleaner.Ts001Tc002_VerifySection_1to3_CompanyLogoMotoName.verifyLogo(Ts001Tc002_VerifySection_1to3_CompanyLogoMotoName.java:14)
	at sun.reflect.NativeMethodAccessorImpl.invoke0(Native Method)
	at sun.reflect.NativeMethodAccessorImpl.invoke(Unknown Source)
	at sun.reflect.DelegatingMethodAccessorImpl.invoke(Unknown Source)
	at java.lang.reflect.Method.invoke(Unknown Source)
	at org.testng.internal.MethodInvocationHelper.invokeMethod(MethodInvocationHelper.java:85)
	at org.testng.internal.Invoker.invokeMethod(Invoker.java:639)
	at org.testng.internal.Invoker.invokeTestMethod(Invoker.java:821)
	at org.testng.internal.Invoker.invokeTestMethods(Invoker.java:1131)
	at org.testng.internal.TestMethodWorker.invokeTestMethods(TestMethodWorker.java:124)
	at org.testng.internal.TestMethodWorker.run(TestMethodWorker.java:108)
	at org.testng.TestRunner.privateRun(TestRunner.java:773)
	at org.testng.TestRunner.run(TestRunner.java:623)
	at org.testng.SuiteRunner.runTest(SuiteRunner.java:357)
	at org.testng.SuiteRunner.runSequentially(SuiteRunner.java:352)
	at org.testng.SuiteRunner.privateRun(SuiteRunner.java:310)
	at org.testng.SuiteRunner.run(SuiteRunner.java:259)
	at org.testng.SuiteRunnerWorker.runSuite(SuiteRunnerWorker.java:52)
	at org.testng.SuiteRunnerWorker.run(SuiteRunnerWorker.java:86)
	at org.testng.TestNG.runSuitesSequentially(TestNG.java:1185)
	at org.testng.TestNG.runSuitesLocally(TestNG.java:1110)
	at org.testng.TestNG.run(TestNG.java:1018)
	at org.testng.remote.RemoteTestNG.run(RemoteTestNG.java:111)
	at org.testng.remote.RemoteTestNG.initAndRun(RemoteTestNG.java:204)
	at org.testng.remote.RemoteTestNG.main(RemoteTestNG.java:175)
]]>
            </full-stacktrace>
          </exception> <!-- java.lang.AssertionError -->
          <reporter-output>
          </reporter-output>
        </test-method> <!-- verifyLogo -->
        <test-method status="PASS" signature="verifyComMoto()[pri:0, instance:com.jukinmedia.qatest.vaccumcleaner.Ts001Tc002_VerifySection_1to3_CompanyLogoMotoName@71be98f5]" name="verifyComMoto" duration-ms="459" started-at="2016-02-22T15:43:38Z" description="verify company moto" finished-at="2016-02-22T15:43:39Z">
          <reporter-output>
          </reporter-output>
        </test-method> <!-- verifyComMoto -->
        <test-method status="PASS" signature="verifyComName()[pri:0, instance:com.jukinmedia.qatest.vaccumcleaner.Ts001Tc002_VerifySection_1to3_CompanyLogoMotoName@71be98f5]" name="verifyComName" duration-ms="321" started-at="2016-02-22T15:43:39Z" description="verify company name" finished-at="2016-02-22T15:43:39Z">
          <reporter-output>
          </reporter-output>
        </test-method> <!-- verifyComName -->
      </class> <!-- com.jukinmedia.qatest.vaccumcleaner.Ts001Tc002_VerifySection_1to3_CompanyLogoMotoName -->
      <class name="com.jukinmedia.qatest.vaccumcleaner.Ts001Tc003_Verify_Section4_MailingLinkList">
        <test-method status="PASS" signature="verifyMailingList()[pri:0, instance:com.jukinmedia.qatest.vaccumcleaner.Ts001Tc003_Verify_Section4_MailingLinkList@6fadae5d]" name="verifyMailingList" duration-ms="32008" started-at="2016-02-22T15:43:03Z" description="Verify mailing list" finished-at="2016-02-22T15:43:35Z">
          <reporter-output>
            <line>
              <![CDATA[Clicked on button]]>
            </line>
            <line>
              <![CDATA[Data entered into text field]]>
            </line>
            <line>
              <![CDATA[Clicked on button]]>
            </line>
            <line>
              <![CDATA[Clicked on button]]>
            </line>
            <line>
              <![CDATA[Unable to click]]>
            </line>
          </reporter-output>
        </test-method> <!-- verifyMailingList -->
      </class> <!-- com.jukinmedia.qatest.vaccumcleaner.Ts001Tc003_Verify_Section4_MailingLinkList -->
      <class name="com.jukinmedia.qatest.vaccumcleaner.Ts001Tc006_Verify_Section_8to11_FNameLNameEmailPhone">
        <test-method status="PASS" signature="sectionEigtToEleven()[pri:0, instance:com.jukinmedia.qatest.vaccumcleaner.Ts001Tc006_Verify_Section_8to11_FNameLNameEmailPhone@2acf57e3]" name="sectionEigtToEleven" duration-ms="633" started-at="2016-02-22T15:43:37Z" description="Verify web field: FName, LName, Email and Phone Number" finished-at="2016-02-22T15:43:38Z">
          <reporter-output>
          </reporter-output>
        </test-method> <!-- sectionEigtToEleven -->
      </class> <!-- com.jukinmedia.qatest.vaccumcleaner.Ts001Tc006_Verify_Section_8to11_FNameLNameEmailPhone -->
      <class name="com.jukinmedia.qatest.vaccumcleaner.Ts001TC001_VerifyLoginFunctionality">
        <test-method status="PASS" signature="setUp(java.lang.String)[pri:0, instance:com.jukinmedia.qatest.vaccumcleaner.Ts001TC001_VerifyLoginFunctionality@6a5fc7f7]" name="setUp" is-config="true" duration-ms="6372" started-at="2016-02-22T15:42:56Z" finished-at="2016-02-22T15:43:02Z">
          <params>
            <param index="0">
              <value>
                <![CDATA[chrome]]>
              </value>
            </param>
          </params>
          <reporter-output>
          </reporter-output>
        </test-method> <!-- setUp -->
        <test-method status="PASS" signature="verifyLogin()[pri:0, instance:com.jukinmedia.qatest.vaccumcleaner.Ts001TC001_VerifyLoginFunctionality@6a5fc7f7]" name="verifyLogin" duration-ms="1083" started-at="2016-02-22T15:43:02Z" description="Verify Login Functionality" finished-at="2016-02-22T15:43:03Z">
          <reporter-output>
            <line>
              <![CDATA[Data entered into text field]]>
            </line>
            <line>
              <![CDATA[Data entered into text field]]>
            </line>
            <line>
              <![CDATA[Clicked on button]]>
            </line>
          </reporter-output>
        </test-method> <!-- verifyLogin -->
        <test-method status="PASS" signature="tearDown()[pri:0, instance:com.jukinmedia.qatest.vaccumcleaner.Ts001TC001_VerifyLoginFunctionality@6a5fc7f7]" name="tearDown" is-config="true" duration-ms="1315" started-at="2016-02-22T15:43:39Z" finished-at="2016-02-22T15:43:40Z">
          <reporter-output>
          </reporter-output>
        </test-method> <!-- tearDown -->
      </class> <!-- com.jukinmedia.qatest.vaccumcleaner.Ts001TC001_VerifyLoginFunctionality -->
      <class name="com.jukinmedia.qatest.vaccumcleaner.Ts001Tc004_VerifySection5_HowAboutAcmeVc">
        <test-method status="PASS" signature="verifySectionFive()[pri:0, instance:com.jukinmedia.qatest.vaccumcleaner.Ts001Tc004_VerifySection5_HowAboutAcmeVc@17f6480]" name="verifySectionFive" duration-ms="1021" started-at="2016-02-22T15:43:35Z" description="Verify How did you hear about ACME VC&amp;A Co.?:" finished-at="2016-02-22T15:43:36Z">
          <reporter-output>
            <line>
              <![CDATA[Clicked on button]]>
            </line>
          </reporter-output>
        </test-method> <!-- verifySectionFive -->
      </class> <!-- com.jukinmedia.qatest.vaccumcleaner.Ts001Tc004_VerifySection5_HowAboutAcmeVc -->
    </test> <!-- Test -->
  </suite> <!-- Suite -->
</testng-results>
